#
# There is insufficient memory for the Java Runtime Environment to continue.
# Native memory allocation (mmap) failed to map 65536 bytes for Failed to commit metaspace.
# Possible reasons:
#   The system is out of physical RAM or swap space
#   The process is running with CompressedOops enabled, and the Java Heap may be blocking the growth of the native heap
# Possible solutions:
#   Reduce memory load on the system
#   Increase physical memory or swap space
#   Check if swap backing store is full
#   Decrease Java heap size (-Xmx/-Xms)
#   Decrease number of Java threads
#   Decrease Java thread stack sizes (-Xss)
#   Set larger code cache with -XX:ReservedCodeCacheSize=
#   JVM is running with Unscaled Compressed Oops mode in which the Java heap is
#     placed in the first 4GB address space. The Java Heap base address is the
#     maximum limit for the native heap growth. Please use -XX:HeapBaseMinAddress
#     to set the Java Heap base and to place the Java Heap above 4GB virtual address.
# This output file may be truncated or incomplete.
#
#  Out of Memory Error (virtualSpaceNode.cpp:110), pid=26296, tid=25652
#
# JRE version: Java(TM) SE Runtime Environment (17.0.10+11) (build 17.0.10+11-LTS-240)
# Java VM: Java HotSpot(TM) 64-Bit Server VM (17.0.10+11-LTS-240, mixed mode, sharing, tiered, compressed oops, compressed class ptrs, g1 gc, windows-amd64)
# No core dump will be written. Minidumps are not enabled by default on client versions of Windows
#

---------------  S U M M A R Y ------------

Command Line: -Dfile.encoding=UTF-8 --module-path=C:\Users\Admin\Documents\NetBeansProjects\quiz2\build\classes Rules

Host: Intel(R) Core(TM) i3-6006U CPU @ 2.00GHz, 4 cores, 3G,  Windows 10 , 64 bit Build 19041 (10.0.19041.546)
Time: Sat Apr 19 16:53:22 2025 India Standard Time elapsed time: 0.424371 seconds (0d 0h 0m 0s)

---------------  T H R E A D  ---------------

Current thread (0x000001f52505e8d0):  JavaThread "main" [_thread_in_vm, id=25652, stack(0x000000c674300000,0x000000c674400000)]

Stack: [0x000000c674300000,0x000000c674400000]
Native frames: (J=compiled Java code, j=interpreted, Vv=VM code, C=native code)
V  [jvm.dll+0x677a5a]
V  [jvm.dll+0x7d8b2d]
V  [jvm.dll+0x7da48e]
V  [jvm.dll+0x7daaf3]
V  [jvm.dll+0x2455ff]
V  [jvm.dll+0x7d483b]
V  [jvm.dll+0x61dc06]
V  [jvm.dll+0x61dc6a]
V  [jvm.dll+0x62049d]
V  [jvm.dll+0x61e5c6]
V  [jvm.dll+0x239c1f]
V  [jvm.dll+0x628365]
V  [jvm.dll+0x1e92ed]
V  [jvm.dll+0x1e98b5]
V  [jvm.dll+0x1ea1fb]
V  [jvm.dll+0x1dfa01]
V  [jvm.dll+0x53d58c]
V  [jvm.dll+0x1f031a]
V  [jvm.dll+0x75284d]
V  [jvm.dll+0x753c46]
V  [jvm.dll+0x753f78]
V  [jvm.dll+0x23d99b]
V  [jvm.dll+0x37d60e]
C  0x000001f535f4b7f7

Java frames: (J=compiled Java code, j=interpreted, Vv=VM code)
j  java.awt.Window.<clinit>()V+117 java.desktop@17.0.10
v  ~StubRoutines::call_stub

---------------  P R O C E S S  ---------------

Threads class SMR info:
_java_thread_list=0x000001f5425d3520, length=12, elements={
0x000001f52505e8d0, 0x000001f5271f3c20, 0x000001f5271f78d0, 0x000001f527209730,
0x000001f52720b010, 0x000001f52720c080, 0x000001f52720e100, 0x000001f52720f550,
0x000001f527219f00, 0x000001f54239ff70, 0x000001f54258b420, 0x000001f54265aa40
}

Java Threads: ( => current thread )
=>0x000001f52505e8d0 JavaThread "main" [_thread_in_vm, id=25652, stack(0x000000c674300000,0x000000c674400000)]
  0x000001f5271f3c20 JavaThread "Reference Handler" daemon [_thread_blocked, id=24192, stack(0x000000c674a00000,0x000000c674b00000)]
  0x000001f5271f78d0 JavaThread "Finalizer" daemon [_thread_blocked, id=18188, stack(0x000000c674b00000,0x000000c674c00000)]
  0x000001f527209730 JavaThread "Signal Dispatcher" daemon [_thread_blocked, id=7768, stack(0x000000c674c00000,0x000000c674d00000)]
  0x000001f52720b010 JavaThread "Attach Listener" daemon [_thread_blocked, id=11720, stack(0x000000c674d00000,0x000000c674e00000)]
  0x000001f52720c080 JavaThread "Service Thread" daemon [_thread_blocked, id=23764, stack(0x000000c674e00000,0x000000c674f00000)]
  0x000001f52720e100 JavaThread "Monitor Deflation Thread" daemon [_thread_blocked, id=19496, stack(0x000000c674f00000,0x000000c675000000)]
  0x000001f52720f550 JavaThread "C2 CompilerThread0" daemon [_thread_blocked, id=16040, stack(0x000000c675000000,0x000000c675100000)]
  0x000001f527219f00 JavaThread "C1 CompilerThread0" daemon [_thread_blocked, id=22548, stack(0x000000c675100000,0x000000c675200000)]
  0x000001f54239ff70 JavaThread "Sweeper thread" daemon [_thread_blocked, id=19276, stack(0x000000c675200000,0x000000c675300000)]
  0x000001f54258b420 JavaThread "Common-Cleaner" daemon [_thread_blocked, id=26060, stack(0x000000c675300000,0x000000c675400000)]
  0x000001f54265aa40 JavaThread "Notification Thread" daemon [_thread_blocked, id=4924, stack(0x000000c675400000,0x000000c675500000)]

Other Threads:
  0x000001f5271ef0b0 VMThread "VM Thread" [stack: 0x000000c674900000,0x000000c674a00000] [id=27376]
  0x000001f54265af20 WatcherThread [stack: 0x000000c675500000,0x000000c675600000] [id=16488]
  0x000001f5271736a0 GCTaskThread "GC Thread#0" [stack: 0x000000c674400000,0x000000c674500000] [id=16028]
  0x000001f52717d1d0 ConcurrentGCThread "G1 Main Marker" [stack: 0x000000c674500000,0x000000c674600000] [id=2028]
  0x000001f52717eb00 ConcurrentGCThread "G1 Conc#0" [stack: 0x000000c674600000,0x000000c674700000] [id=30156]
  0x000001f5271ce7e0 ConcurrentGCThread "G1 Refine#0" [stack: 0x000000c674700000,0x000000c674800000] [id=12800]
  0x000001f5271d0130 ConcurrentGCThread "G1 Service" [stack: 0x000000c674800000,0x000000c674900000] [id=9964]

Threads with active compile tasks:

VM state: not at safepoint (normal execution)

VM Mutex/Monitor currently owned by a thread:  ([mutex/lock_event])
[0x000001f52505a7c0] Metaspace_lock - owner thread: 0x000001f52505e8d0

Heap address: 0x00000000c1a00000, size: 998 MB, Compressed Oops mode: 32-bit

CDS archive(s) mapped at: [0x000001f543000000-0x000001f543bd0000-0x000001f543bd0000), size 12386304, SharedBaseAddress: 0x000001f543000000, ArchiveRelocationMode: 1.
Compressed class space mapped at: 0x000001f544000000-0x000001f584000000, reserved size: 1073741824
Narrow klass base: 0x000001f543000000, Narrow klass shift: 0, Narrow klass range: 0x100000000

GC Precious Log:
 CPUs: 4 total, 4 available
 Memory: 3986M
 Large Page Support: Disabled
 NUMA Support: Disabled
 Compressed Oops: Enabled (32-bit)
 Heap Region Size: 1M
 Heap Min Capacity: 8M
 Heap Initial Capacity: 64M
 Heap Max Capacity: 998M
 Pre-touch: Disabled
 Parallel Workers: 4
 Concurrent Workers: 1
 Concurrent Refinement Workers: 4
 Periodic GC: Disabled

Heap:
 garbage-first heap   total 65536K, used 2048K [0x00000000c1a00000, 0x0000000100000000)
  region size 1024K, 3 young (3072K), 0 survivors (0K)
 Metaspace       used 1578K, committed 1664K, reserved 1114112K
  class space    used 134K, committed 192K, reserved 1048576K

Heap Regions: E=young(eden), S=young(survivor), O=old, HS=humongous(starts), HC=humongous(continues), CS=collection set, F=free, OA=open archive, CA=closed archive, TAMS=top-at-mark-start (previous, next)
|   0|0x00000000c1a00000, 0x00000000c1a00000, 0x00000000c1b00000|  0%| F|  |TAMS 0x00000000c1a00000, 0x00000000c1a00000| Untracked 
|   1|0x00000000c1b00000, 0x00000000c1b00000, 0x00000000c1c00000|  0%| F|  |TAMS 0x00000000c1b00000, 0x00000000c1b00000| Untracked 
|   2|0x00000000c1c00000, 0x00000000c1c00000, 0x00000000c1d00000|  0%| F|  |TAMS 0x00000000c1c00000, 0x00000000c1c00000| Untracked 
|   3|0x00000000c1d00000, 0x00000000c1d00000, 0x00000000c1e00000|  0%| F|  |TAMS 0x00000000c1d00000, 0x00000000c1d00000| Untracked 
|   4|0x00000000c1e00000, 0x00000000c1e00000, 0x00000000c1f00000|  0%| F|  |TAMS 0x00000000c1e00000, 0x00000000c1e00000| Untracked 
|   5|0x00000000c1f00000, 0x00000000c1f00000, 0x00000000c2000000|  0%| F|  |TAMS 0x00000000c1f00000, 0x00000000c1f00000| Untracked 
|   6|0x00000000c2000000, 0x00000000c2000000, 0x00000000c2100000|  0%| F|  |TAMS 0x00000000c2000000, 0x00000000c2000000| Untracked 
|   7|0x00000000c2100000, 0x00000000c2100000, 0x00000000c2200000|  0%| F|  |TAMS 0x00000000c2100000, 0x00000000c2100000| Untracked 
|   8|0x00000000c2200000, 0x00000000c2200000, 0x00000000c2300000|  0%| F|  |TAMS 0x00000000c2200000, 0x00000000c2200000| Untracked 
|   9|0x00000000c2300000, 0x00000000c2300000, 0x00000000c2400000|  0%| F|  |TAMS 0x00000000c2300000, 0x00000000c2300000| Untracked 
|  10|0x00000000c2400000, 0x00000000c2400000, 0x00000000c2500000|  0%| F|  |TAMS 0x00000000c2400000, 0x00000000c2400000| Untracked 
|  11|0x00000000c2500000, 0x00000000c2500000, 0x00000000c2600000|  0%| F|  |TAMS 0x00000000c2500000, 0x00000000c2500000| Untracked 
|  12|0x00000000c2600000, 0x00000000c2600000, 0x00000000c2700000|  0%| F|  |TAMS 0x00000000c2600000, 0x00000000c2600000| Untracked 
|  13|0x00000000c2700000, 0x00000000c2700000, 0x00000000c2800000|  0%| F|  |TAMS 0x00000000c2700000, 0x00000000c2700000| Untracked 
|  14|0x00000000c2800000, 0x00000000c2800000, 0x00000000c2900000|  0%| F|  |TAMS 0x00000000c2800000, 0x00000000c2800000| Untracked 
|  15|0x00000000c2900000, 0x00000000c2900000, 0x00000000c2a00000|  0%| F|  |TAMS 0x00000000c2900000, 0x00000000c2900000| Untracked 
|  16|0x00000000c2a00000, 0x00000000c2a00000, 0x00000000c2b00000|  0%| F|  |TAMS 0x00000000c2a00000, 0x00000000c2a00000| Untracked 
|  17|0x00000000c2b00000, 0x00000000c2b00000, 0x00000000c2c00000|  0%| F|  |TAMS 0x00000000c2b00000, 0x00000000c2b00000| Untracked 
|  18|0x00000000c2c00000, 0x00000000c2c00000, 0x00000000c2d00000|  0%| F|  |TAMS 0x00000000c2c00000, 0x00000000c2c00000| Untracked 
|  19|0x00000000c2d00000, 0x00000000c2d00000, 0x00000000c2e00000|  0%| F|  |TAMS 0x00000000c2d00000, 0x00000000c2d00000| Untracked 
|  20|0x00000000c2e00000, 0x00000000c2e00000, 0x00000000c2f00000|  0%| F|  |TAMS 0x00000000c2e00000, 0x00000000c2e00000| Untracked 
|  21|0x00000000c2f00000, 0x00000000c2f00000, 0x00000000c3000000|  0%| F|  |TAMS 0x00000000c2f00000, 0x00000000c2f00000| Untracked 
|  22|0x00000000c3000000, 0x00000000c3000000, 0x00000000c3100000|  0%| F|  |TAMS 0x00000000c3000000, 0x00000000c3000000| Untracked 
|  23|0x00000000c3100000, 0x00000000c3100000, 0x00000000c3200000|  0%| F|  |TAMS 0x00000000c3100000, 0x00000000c3100000| Untracked 
|  24|0x00000000c3200000, 0x00000000c3200000, 0x00000000c3300000|  0%| F|  |TAMS 0x00000000c3200000, 0x00000000c3200000| Untracked 
|  25|0x00000000c3300000, 0x00000000c3300000, 0x00000000c3400000|  0%| F|  |TAMS 0x00000000c3300000, 0x00000000c3300000| Untracked 
|  26|0x00000000c3400000, 0x00000000c3400000, 0x00000000c3500000|  0%| F|  |TAMS 0x00000000c3400000, 0x00000000c3400000| Untracked 
|  27|0x00000000c3500000, 0x00000000c3500000, 0x00000000c3600000|  0%| F|  |TAMS 0x00000000c3500000, 0x00000000c3500000| Untracked 
|  28|0x00000000c3600000, 0x00000000c3600000, 0x00000000c3700000|  0%| F|  |TAMS 0x00000000c3600000, 0x00000000c3600000| Untracked 
|  29|0x00000000c3700000, 0x00000000c3700000, 0x00000000c3800000|  0%| F|  |TAMS 0x00000000c3700000, 0x00000000c3700000| Untracked 
|  30|0x00000000c3800000, 0x00000000c3800000, 0x00000000c3900000|  0%| F|  |TAMS 0x00000000c3800000, 0x00000000c3800000| Untracked 
|  31|0x00000000c3900000, 0x00000000c3900000, 0x00000000c3a00000|  0%| F|  |TAMS 0x00000000c3900000, 0x00000000c3900000| Untracked 
|  32|0x00000000c3a00000, 0x00000000c3a00000, 0x00000000c3b00000|  0%| F|  |TAMS 0x00000000c3a00000, 0x00000000c3a00000| Untracked 
|  33|0x00000000c3b00000, 0x00000000c3b00000, 0x00000000c3c00000|  0%| F|  |TAMS 0x00000000c3b00000, 0x00000000c3b00000| Untracked 
|  34|0x00000000c3c00000, 0x00000000c3c00000, 0x00000000c3d00000|  0%| F|  |TAMS 0x00000000c3c00000, 0x00000000c3c00000| Untracked 
|  35|0x00000000c3d00000, 0x00000000c3d00000, 0x00000000c3e00000|  0%| F|  |TAMS 0x00000000c3d00000, 0x00000000c3d00000| Untracked 
|  36|0x00000000c3e00000, 0x00000000c3e00000, 0x00000000c3f00000|  0%| F|  |TAMS 0x00000000c3e00000, 0x00000000c3e00000| Untracked 
|  37|0x00000000c3f00000, 0x00000000c3f00000, 0x00000000c4000000|  0%| F|  |TAMS 0x00000000c3f00000, 0x00000000c3f00000| Untracked 
|  38|0x00000000c4000000, 0x00000000c4000000, 0x00000000c4100000|  0%| F|  |TAMS 0x00000000c4000000, 0x00000000c4000000| Untracked 
|  39|0x00000000c4100000, 0x00000000c4100000, 0x00000000c4200000|  0%| F|  |TAMS 0x00000000c4100000, 0x00000000c4100000| Untracked 
|  40|0x00000000c4200000, 0x00000000c4200000, 0x00000000c4300000|  0%| F|  |TAMS 0x00000000c4200000, 0x00000000c4200000| Untracked 
|  41|0x00000000c4300000, 0x00000000c4300000, 0x00000000c4400000|  0%| F|  |TAMS 0x00000000c4300000, 0x00000000c4300000| Untracked 
|  42|0x00000000c4400000, 0x00000000c4400000, 0x00000000c4500000|  0%| F|  |TAMS 0x00000000c4400000, 0x00000000c4400000| Untracked 
|  43|0x00000000c4500000, 0x00000000c4500000, 0x00000000c4600000|  0%| F|  |TAMS 0x00000000c4500000, 0x00000000c4500000| Untracked 
|  44|0x00000000c4600000, 0x00000000c4600000, 0x00000000c4700000|  0%| F|  |TAMS 0x00000000c4600000, 0x00000000c4600000| Untracked 
|  45|0x00000000c4700000, 0x00000000c4700000, 0x00000000c4800000|  0%| F|  |TAMS 0x00000000c4700000, 0x00000000c4700000| Untracked 
|  46|0x00000000c4800000, 0x00000000c4800000, 0x00000000c4900000|  0%| F|  |TAMS 0x00000000c4800000, 0x00000000c4800000| Untracked 
|  47|0x00000000c4900000, 0x00000000c4900000, 0x00000000c4a00000|  0%| F|  |TAMS 0x00000000c4900000, 0x00000000c4900000| Untracked 
|  48|0x00000000c4a00000, 0x00000000c4a00000, 0x00000000c4b00000|  0%| F|  |TAMS 0x00000000c4a00000, 0x00000000c4a00000| Untracked 
|  49|0x00000000c4b00000, 0x00000000c4b00000, 0x00000000c4c00000|  0%| F|  |TAMS 0x00000000c4b00000, 0x00000000c4b00000| Untracked 
|  50|0x00000000c4c00000, 0x00000000c4c00000, 0x00000000c4d00000|  0%| F|  |TAMS 0x00000000c4c00000, 0x00000000c4c00000| Untracked 
|  51|0x00000000c4d00000, 0x00000000c4d00000, 0x00000000c4e00000|  0%| F|  |TAMS 0x00000000c4d00000, 0x00000000c4d00000| Untracked 
|  52|0x00000000c4e00000, 0x00000000c4e00000, 0x00000000c4f00000|  0%| F|  |TAMS 0x00000000c4e00000, 0x00000000c4e00000| Untracked 
|  53|0x00000000c4f00000, 0x00000000c4f00000, 0x00000000c5000000|  0%| F|  |TAMS 0x00000000c4f00000, 0x00000000c4f00000| Untracked 
|  54|0x00000000c5000000, 0x00000000c5000000, 0x00000000c5100000|  0%| F|  |TAMS 0x00000000c5000000, 0x00000000c5000000| Untracked 
|  55|0x00000000c5100000, 0x00000000c5100000, 0x00000000c5200000|  0%| F|  |TAMS 0x00000000c5100000, 0x00000000c5100000| Untracked 
|  56|0x00000000c5200000, 0x00000000c5200000, 0x00000000c5300000|  0%| F|  |TAMS 0x00000000c5200000, 0x00000000c5200000| Untracked 
|  57|0x00000000c5300000, 0x00000000c5300000, 0x00000000c5400000|  0%| F|  |TAMS 0x00000000c5300000, 0x00000000c5300000| Untracked 
|  58|0x00000000c5400000, 0x00000000c5400000, 0x00000000c5500000|  0%| F|  |TAMS 0x00000000c5400000, 0x00000000c5400000| Untracked 
|  59|0x00000000c5500000, 0x00000000c5500000, 0x00000000c5600000|  0%| F|  |TAMS 0x00000000c5500000, 0x00000000c5500000| Untracked 
|  60|0x00000000c5600000, 0x00000000c5600000, 0x00000000c5700000|  0%| F|  |TAMS 0x00000000c5600000, 0x00000000c5600000| Untracked 
|  61|0x00000000c5700000, 0x00000000c57c8b70, 0x00000000c5800000| 78%| E|  |TAMS 0x00000000c5700000, 0x00000000c5700000| Complete 
|  62|0x00000000c5800000, 0x00000000c5900000, 0x00000000c5900000|100%| E|CS|TAMS 0x00000000c5800000, 0x00000000c5800000| Complete 
|  63|0x00000000c5900000, 0x00000000c5a00000, 0x00000000c5a00000|100%| E|CS|TAMS 0x00000000c5900000, 0x00000000c5900000| Complete 

Card table byte_map: [0x000001f53dc00000,0x000001f53de00000] _byte_map_base: 0x000001f53d5f3000

Marking Bits (Prev, Next): (CMBitMap*) 0x000001f527174be0, (CMBitMap*) 0x000001f527174c20
 Prev Bits: [0x000001f53e000000, 0x000001f53ef98000)
 Next Bits: [0x000001f53efa0000, 0x000001f53ff38000)

Polling page: 0x000001f526920000

Metaspace:

Usage:
  Non-class:      1.41 MB used.
      Class:    134.18 KB used.
       Both:      1.54 MB used.

Virtual space:
  Non-class space:       64.00 MB reserved,       1.44 MB (  2%) committed,  1 nodes.
      Class space:        1.00 GB reserved,     192.00 KB ( <1%) committed,  1 nodes.
             Both:        1.06 GB reserved,       1.62 MB ( <1%) committed. 

Chunk freelists:
   Non-Class:  11.95 MB
       Class:  15.72 MB
        Both:  27.68 MB

MaxMetaspaceSize: unlimited
CompressedClassSpaceSize: 1.00 GB
Initial GC threshold: 21.00 MB
Current GC threshold: 21.00 MB
CDS: on
MetaspaceReclaimPolicy: balanced
 - commit_granule_bytes: 65536.
 - commit_granule_words: 8192.
 - virtual_space_node_default_size: 8388608.
 - enlarge_chunks_in_place: 1.
 - new_chunks_are_fully_committed: 0.
 - uncommit_free_chunks: 1.
 - use_allocation_guard: 0.
 - handle_deallocations: 1.


Internal statistics:

num_allocs_failed_limit: 0.
num_arena_births: 44.
num_arena_deaths: 0.
num_vsnodes_births: 2.
num_vsnodes_deaths: 0.
num_space_committed: 26.
num_space_uncommitted: 0.
num_chunks_returned_to_freelist: 0.
num_chunks_taken_from_freelist: 47.
num_chunk_merges: 0.
num_chunk_splits: 33.
num_chunks_enlarged: 20.
num_inconsistent_stats: 0.

CodeHeap 'non-profiled nmethods': size=120000Kb used=113Kb max_used=113Kb free=119887Kb
 bounds [0x000001f5364d0000, 0x000001f536740000, 0x000001f53da00000]
CodeHeap 'profiled nmethods': size=120000Kb used=432Kb max_used=432Kb free=119567Kb
 bounds [0x000001f52ea00000, 0x000001f52ec70000, 0x000001f535f30000]
CodeHeap 'non-nmethods': size=5760Kb used=1114Kb max_used=1119Kb free=4645Kb
 bounds [0x000001f535f30000, 0x000001f5361a0000, 0x000001f5364d0000]
 total_blobs=735 nmethods=342 adapters=306
 compilation: enabled
              stopped_count=0, restarted_count=0
 full_count=0

Compilation events (20 events):
Event: 0.407 Thread 0x000001f527219f00  331       3       jdk.internal.org.objectweb.asm.SymbolTable::addConstantUtf8Reference (101 bytes)
Event: 0.408 Thread 0x000001f527219f00 nmethod 331 0x000001f52ea64410 code [0x000001f52ea64620, 0x000001f52ea64c18]
Event: 0.408 Thread 0x000001f527219f00  327   !   3       java.lang.invoke.MemberName::clone (14 bytes)
Event: 0.408 Thread 0x000001f527219f00 nmethod 327 0x000001f52ea64f10 code [0x000001f52ea650e0, 0x000001f52ea65458]
Event: 0.408 Thread 0x000001f527219f00  330       3       jdk.internal.org.objectweb.asm.SymbolTable::addConstantClass (8 bytes)
Event: 0.409 Thread 0x000001f527219f00 nmethod 330 0x000001f52ea65610 code [0x000001f52ea657a0, 0x000001f52ea658e8]
Event: 0.409 Thread 0x000001f527219f00  332       3       jdk.internal.org.objectweb.asm.ByteVector::put122 (93 bytes)
Event: 0.409 Thread 0x000001f527219f00 nmethod 332 0x000001f52ea65990 code [0x000001f52ea65b40, 0x000001f52ea65dc8]
Event: 0.409 Thread 0x000001f527219f00  334       3       java.util.ImmutableCollections$ListN::size (6 bytes)
Event: 0.409 Thread 0x000001f527219f00 nmethod 334 0x000001f52ea65f90 code [0x000001f52ea66120, 0x000001f52ea66238]
Event: 0.409 Thread 0x000001f527219f00  335       3       java.lang.invoke.LambdaForm$Name::isParam (13 bytes)
Event: 0.409 Thread 0x000001f527219f00 nmethod 335 0x000001f52ea66310 code [0x000001f52ea664a0, 0x000001f52ea66618]
Event: 0.410 Thread 0x000001f527219f00  337       3       jdk.internal.org.objectweb.asm.Frame::setLocal (65 bytes)
Event: 0.410 Thread 0x000001f527219f00 nmethod 337 0x000001f52ea66690 code [0x000001f52ea66860, 0x000001f52ea66d88]
Event: 0.412 Thread 0x000001f527219f00  339   !   3       java.lang.invoke.MemberName$Factory::resolve (159 bytes)
Event: 0.412 Thread 0x000001f527219f00 nmethod 339 0x000001f52ea66f10 code [0x000001f52ea67140, 0x000001f52ea67848]
Event: 0.412 Thread 0x000001f527219f00  341       3       java.lang.invoke.MemberName::checkForTypeAlias (172 bytes)
Event: 0.414 Thread 0x000001f527219f00 nmethod 341 0x000001f52ea67b90 code [0x000001f52ea68000, 0x000001f52ea69ed8]
Event: 0.419 Thread 0x000001f527219f00  342       3       java.util.HashMap::putVal (300 bytes)
Event: 0.421 Thread 0x000001f527219f00 nmethod 342 0x000001f52ea6a790 code [0x000001f52ea6aa40, 0x000001f52ea6bc98]

GC Heap History (0 events):
No events

Deoptimization events (4 events):
Event: 0.317 Thread 0x000001f52505e8d0 Uncommon trap: trap_request=0xffffff45 fr.pc=0x000001f5364de160 relative=0x0000000000000800
Event: 0.317 Thread 0x000001f52505e8d0 Uncommon trap: reason=unstable_if action=reinterpret pc=0x000001f5364de160 method=java.util.HashMap.putVal(ILjava/lang/Object;Ljava/lang/Object;ZZ)Ljava/lang/Object; @ 236 c2
Event: 0.317 Thread 0x000001f52505e8d0 DEOPT PACKING pc=0x000001f5364de160 sp=0x000000c6743fe500
Event: 0.317 Thread 0x000001f52505e8d0 DEOPT UNPACKING pc=0x000001f535f823a3 sp=0x000000c6743fe4a8 mode 2

Classes unloaded (0 events):
No events

Classes redefined (0 events):
No events

Internal exceptions (6 events):
Event: 0.185 Thread 0x000001f52505e8d0 Exception <a 'sun/nio/fs/WindowsException'{0x00000000c58309d8}> (0x00000000c58309d8) 
thrown [s\open\src\hotspot\share\prims\jni.cpp, line 516]
Event: 0.186 Thread 0x000001f52505e8d0 Exception <a 'sun/nio/fs/WindowsException'{0x00000000c5830ee8}> (0x00000000c5830ee8) 
thrown [s\open\src\hotspot\share\prims\jni.cpp, line 516]
Event: 0.193 Thread 0x000001f52505e8d0 Exception <a 'sun/nio/fs/WindowsException'{0x00000000c5835578}> (0x00000000c5835578) 
thrown [s\open\src\hotspot\share\prims\jni.cpp, line 516]
Event: 0.349 Thread 0x000001f52505e8d0 Exception <a 'java/lang/ClassNotFoundException'{0x00000000c5709920}: sun/awt/resources/spi/awtProvider> (0x00000000c5709920) 
thrown [s\open\src\hotspot\share\classfile\systemDictionary.cpp, line 256]
Event: 0.396 Thread 0x000001f52505e8d0 Exception <a 'java/io/FileNotFoundException'{0x00000000c575c3e8}> (0x00000000c575c3e8) 
thrown [s\open\src\hotspot\share\prims\jni.cpp, line 516]
Event: 0.411 Thread 0x000001f52505e8d0 Exception <a 'java/io/FileNotFoundException'{0x00000000c57895f8}> (0x00000000c57895f8) 
thrown [s\open\src\hotspot\share\prims\jni.cpp, line 516]

VM Operations (2 events):
Event: 0.201 Executing VM operation: HandshakeAllThreads
Event: 0.202 Executing VM operation: HandshakeAllThreads done

Events (20 events):
Event: 0.421 loading class java/awt/Component$DummyRequestFocusController done
Event: 0.421 loading class java/awt/LayoutManager
Event: 0.421 loading class java/awt/LayoutManager done
Event: 0.421 loading class java/awt/LightweightDispatcher
Event: 0.421 loading class java/awt/event/AWTEventListener
Event: 0.421 loading class java/awt/event/AWTEventListener done
Event: 0.421 loading class java/awt/LightweightDispatcher done
Event: 0.421 loading class java/awt/Dimension
Event: 0.421 loading class java/awt/geom/Dimension2D
Event: 0.421 loading class java/awt/geom/Dimension2D done
Event: 0.421 loading class java/awt/Dimension done
Event: 0.421 loading class java/awt/Container$1
Event: 0.421 loading class sun/awt/AWTAccessor$ContainerAccessor
Event: 0.421 loading class sun/awt/AWTAccessor$ContainerAccessor done
Event: 0.421 loading class java/awt/Container$1 done
Event: 0.422 loading class sun/awt/util/IdentityArrayList
Event: 0.422 loading class sun/awt/util/IdentityArrayList done
Event: 0.422 loading class java/awt/Window$Type
Event: 0.422 loading class java/awt/Window$Type done
Event: 0.422 loading class java/util/concurrent/atomic/AtomicBoolean


Dynamic libraries:
0x00007ff698720000 - 0x00007ff698730000 	C:\Program Files\Java\jdk-17\bin\java.exe
0x00007ff901e10000 - 0x00007ff902006000 	C:\WINDOWS\SYSTEM32\ntdll.dll
0x00007ff900b30000 - 0x00007ff900bed000 	C:\WINDOWS\System32\KERNEL32.DLL
0x00007ff8ff940000 - 0x00007ff8ffc08000 	C:\WINDOWS\System32\KERNELBASE.dll
0x00007ff8ffd10000 - 0x00007ff8ffe10000 	C:\WINDOWS\System32\ucrtbase.dll
0x00007ff8f0320000 - 0x00007ff8f0339000 	C:\Program Files\Java\jdk-17\bin\jli.dll
0x00007ff900720000 - 0x00007ff9007cc000 	C:\WINDOWS\System32\ADVAPI32.dll
0x00007ff901c60000 - 0x00007ff901cfe000 	C:\WINDOWS\System32\msvcrt.dll
0x00007ff901340000 - 0x00007ff9013db000 	C:\WINDOWS\System32\sechost.dll
0x00007ff901670000 - 0x00007ff901794000 	C:\WINDOWS\System32\RPCRT4.dll
0x00007ff8f2190000 - 0x00007ff8f21ab000 	C:\Program Files\Java\jdk-17\bin\VCRUNTIME140.dll
0x00007ff9014d0000 - 0x00007ff901670000 	C:\WINDOWS\System32\USER32.dll
0x00007ff8fff30000 - 0x00007ff8fff52000 	C:\WINDOWS\System32\win32u.dll
0x00007ff900b00000 - 0x00007ff900b2a000 	C:\WINDOWS\System32\GDI32.dll
0x00007ff8ff800000 - 0x00007ff8ff909000 	C:\WINDOWS\System32\gdi32full.dll
0x00007ff8ffe90000 - 0x00007ff8fff2d000 	C:\WINDOWS\System32\msvcp_win.dll
0x00007ff8eed70000 - 0x00007ff8ef00b000 	C:\WINDOWS\WinSxS\amd64_microsoft.windows.common-controls_6595b64144ccf1df_6.0.19041.488_none_ca04af081b815d21\COMCTL32.dll
0x00007ff8ecd10000 - 0x00007ff8ecd1a000 	C:\WINDOWS\SYSTEM32\VERSION.dll
0x00007ff9013e0000 - 0x00007ff901410000 	C:\WINDOWS\System32\IMM32.DLL
0x00007ff8f7b10000 - 0x00007ff8f7b1c000 	C:\Program Files\Java\jdk-17\bin\vcruntime140_1.dll
0x00007ff8deae0000 - 0x00007ff8deb6e000 	C:\Program Files\Java\jdk-17\bin\msvcp140.dll
0x00007ff8d62b0000 - 0x00007ff8d6e8f000 	C:\Program Files\Java\jdk-17\bin\server\jvm.dll
0x00007ff900090000 - 0x00007ff900098000 	C:\WINDOWS\System32\PSAPI.DLL
0x00007ff8fde00000 - 0x00007ff8fde09000 	C:\WINDOWS\SYSTEM32\WSOCK32.dll
0x00007ff8f8c00000 - 0x00007ff8f8c27000 	C:\WINDOWS\SYSTEM32\WINMM.dll
0x00007ff901d00000 - 0x00007ff901d6b000 	C:\WINDOWS\System32\WS2_32.dll
0x00007ff8fe1f0000 - 0x00007ff8fe202000 	C:\WINDOWS\SYSTEM32\kernel.appcore.dll
0x00007ff8f6830000 - 0x00007ff8f683a000 	C:\Program Files\Java\jdk-17\bin\jimage.dll
0x00007ff8fdbf0000 - 0x00007ff8fddd4000 	C:\WINDOWS\SYSTEM32\DBGHELP.DLL
0x00007ff8ebed0000 - 0x00007ff8ebefc000 	C:\WINDOWS\SYSTEM32\dbgcore.DLL
0x00007ff8ffe10000 - 0x00007ff8ffe8f000 	C:\WINDOWS\System32\bcryptPrimitives.dll
0x00007ff8efc90000 - 0x00007ff8efcb5000 	C:\Program Files\Java\jdk-17\bin\java.dll
0x00007ff8e0cd0000 - 0x00007ff8e0da7000 	C:\Program Files\Java\jdk-17\bin\jsvml.dll
0x00007ff900bf0000 - 0x00007ff901331000 	C:\WINDOWS\System32\SHELL32.dll
0x00007ff8fd380000 - 0x00007ff8fdb15000 	C:\WINDOWS\SYSTEM32\windows.storage.dll
0x00007ff901880000 - 0x00007ff901bd5000 	C:\WINDOWS\System32\combase.dll
0x00007ff8fefe0000 - 0x00007ff8ff00c000 	C:\WINDOWS\SYSTEM32\Wldp.dll
0x00007ff901420000 - 0x00007ff9014ce000 	C:\WINDOWS\System32\SHCORE.dll
0x00007ff901d70000 - 0x00007ff901dc5000 	C:\WINDOWS\System32\shlwapi.dll
0x00007ff8ff570000 - 0x00007ff8ff596000 	C:\WINDOWS\SYSTEM32\profapi.dll
0x00007ff8ee670000 - 0x00007ff8ee689000 	C:\Program Files\Java\jdk-17\bin\net.dll
0x00007ff8f2800000 - 0x00007ff8f2900000 	C:\WINDOWS\SYSTEM32\WINHTTP.dll
0x00007ff8fed60000 - 0x00007ff8fedca000 	C:\WINDOWS\system32\mswsock.dll
0x00007ff8ea950000 - 0x00007ff8ea966000 	C:\Program Files\Java\jdk-17\bin\nio.dll
0x00007ff8ea330000 - 0x00007ff8ea348000 	C:\Program Files\Java\jdk-17\bin\zip.dll
0x00007ff8d95c0000 - 0x00007ff8d9751000 	C:\Program Files\Java\jdk-17\bin\awt.dll
0x00007ff900970000 - 0x00007ff900a3d000 	C:\WINDOWS\System32\OLEAUT32.dll
0x00007ff8fcb20000 - 0x00007ff8fcbb0000 	C:\WINDOWS\SYSTEM32\apphelp.dll

dbghelp: loaded successfully - version: 4.0.5 - missing functions: none
symbol engine: initialized successfully - sym options: 0x614 - pdb path: .;C:\Program Files\Java\jdk-17\bin;C:\WINDOWS\SYSTEM32;C:\WINDOWS\WinSxS\amd64_microsoft.windows.common-controls_6595b64144ccf1df_6.0.19041.488_none_ca04af081b815d21;C:\Program Files\Java\jdk-17\bin\server

VM Arguments:
jvm_args: -Dfile.encoding=UTF-8 --module-path=C:\Users\Admin\Documents\NetBeansProjects\quiz2\build\classes 
java_command: Rules
java_class_path (initial): C:\Program Files\NetBeans-25\netbeans\java\modules\ext\AbsoluteLayout.jar;C:\Users\Admin\Downloads\mysql-connector-j-9.2.0.tar\mysql-connector-j-9.2.0\mysql-connector-j-9.2.0.jar;C:\Users\Admin\Documents\NetBeansProjects\quiz2\build\classes
Launcher Type: SUN_STANDARD

[Global flags]
     intx CICompilerCount                          = 3                                         {product} {ergonomic}
     uint ConcGCThreads                            = 1                                         {product} {ergonomic}
     uint G1ConcRefinementThreads                  = 4                                         {product} {ergonomic}
   size_t G1HeapRegionSize                         = 1048576                                   {product} {ergonomic}
    uintx GCDrainStackTargetSize                   = 64                                        {product} {ergonomic}
   size_t InitialHeapSize                          = 67108864                                  {product} {ergonomic}
   size_t MarkStackSize                            = 4194304                                   {product} {ergonomic}
   size_t MaxHeapSize                              = 1046478848                                {product} {ergonomic}
   size_t MaxNewSize                               = 627048448                                 {product} {ergonomic}
   size_t MinHeapDeltaBytes                        = 1048576                                   {product} {ergonomic}
   size_t MinHeapSize                              = 8388608                                   {product} {ergonomic}
    uintx NonNMethodCodeHeapSize                   = 5832780                                {pd product} {ergonomic}
    uintx NonProfiledCodeHeapSize                  = 122912730                              {pd product} {ergonomic}
    uintx ProfiledCodeHeapSize                     = 122912730                              {pd product} {ergonomic}
    uintx ReservedCodeCacheSize                    = 251658240                              {pd product} {ergonomic}
     bool SegmentedCodeCache                       = true                                      {product} {ergonomic}
   size_t SoftMaxHeapSize                          = 1046478848                             {manageable} {ergonomic}
     bool UseCompressedClassPointers               = true                           {product lp64_product} {ergonomic}
     bool UseCompressedOops                        = true                           {product lp64_product} {ergonomic}
     bool UseG1GC                                  = true                                      {product} {ergonomic}
     bool UseLargePagesIndividualAllocation        = false                                  {pd product} {ergonomic}

Logging:
Log output configuration:
 #0: stdout all=warning uptime,level,tags
 #1: stderr all=off uptime,level,tags

Environment Variables:
JAVA_HOME=C:\Users\Admin\AppData\Local\Programs\Eclipse Adoptium\jdk-17.0.7.7-hotspot\
PATH=C:\Program Files\Common Files\Oracle\Java\javapath;C:\WINDOWS\system32;C:\WINDOWS;C:\WINDOWS\System32\Wbem;C:\WINDOWS\System32\WindowsPowerShell\v1.0\;C:\WINDOWS\System32\OpenSSH\;C:\Program Files\Git\cmd;C:\Users\Admin\AppData\Local\Programs\Eclipse Adoptium\jdk-17.0.7.7-hotspot\bin;C:\Program Files\MySQL\MySQL Shell 8.0\bin\;C:\Users\Admin\AppData\Local\Microsoft\WindowsApps;C:\Users\Admin\AppData\Local\GitHubDesktop\bin
USERNAME=Admin
OS=Windows_NT
PROCESSOR_IDENTIFIER=Intel64 Family 6 Model 78 Stepping 3, GenuineIntel



---------------  S Y S T E M  ---------------

OS:
 Windows 10 , 64 bit Build 19041 (10.0.19041.546)
OS uptime: 39 days 17:57 hours

CPU: total 4 (initial active 4) (2 cores per cpu, 2 threads per core) family 6 model 78 stepping 3 microcode 0xcc, cx8, cmov, fxsr, ht, mmx, 3dnowpref, sse, sse2, sse3, ssse3, sse4.1, sse4.2, popcnt, lzcnt, tsc, tscinvbit, avx, avx2, aes, erms, clmul, bmi1, bmi2, adx, fma, vzeroupper, clflush, clflushopt

Memory: 4k page, system-wide physical 3986M (367M free)
TotalPageFile size 16274M (AvailPageFile size 0M)
current process WorkingSet (physical memory assigned to process): 39M, peak: 39M
current process commit charge ("private bytes"): 137M, peak: 137M

vm_info: Java HotSpot(TM) 64-Bit Server VM (17.0.10+11-LTS-240) for windows-amd64 JRE (17.0.10+11-LTS-240), built on Dec 19 2023 21:47:25 by "mach5one" with MS VC++ 17.1 (VS2022)

END.
