#
# There is insufficient memory for the Java Runtime Environment to continue.
# Native memory allocation (mmap) failed to map 67108864 bytes for G1 virtual space
# Possible reasons:
#   The system is out of physical RAM or swap space
#   The process is running with CompressedOops enabled, and the Java Heap may be blocking the growth of the native heap
# Possible solutions:
#   Reduce memory load on the system
#   Increase physical memory or swap space
#   Check if swap backing store is full
#   Decrease Java heap size (-Xmx/-Xms)
#   Decrease number of Java threads
#   Decrease Java thread stack sizes (-Xss)
#   Set larger code cache with -XX:ReservedCodeCacheSize=
#   JVM is running with Unscaled Compressed Oops mode in which the Java heap is
#     placed in the first 4GB address space. The Java Heap base address is the
#     maximum limit for the native heap growth. Please use -XX:HeapBaseMinAddress
#     to set the Java Heap base and to place the Java Heap above 4GB virtual address.
# This output file may be truncated or incomplete.
#
#  Out of Memory Error (os_windows.cpp:3548), pid=26112, tid=13524
#
# JRE version:  (17.0.10+11) (build )
# Java VM: Java HotSpot(TM) 64-Bit Server VM (17.0.10+11-LTS-240, mixed mode, sharing, tiered, compressed oops, compressed class ptrs, g1 gc, windows-amd64)
# No core dump will be written. Minidumps are not enabled by default on client versions of Windows
#

---------------  S U M M A R Y ------------

Command Line: -Dfile.encoding=UTF-8 --module-path=C:\Users\Admin\Documents\NetBeansProjects\quiz2\build\classes Java

Host: Intel(R) Core(TM) i3-6006U CPU @ 2.00GHz, 4 cores, 3G,  Windows 10 , 64 bit Build 19041 (10.0.19041.546)
Time: Sat Apr 19 17:30:14 2025 India Standard Time elapsed time: 0.021499 seconds (0d 0h 0m 0s)

---------------  T H R E A D  ---------------

Current thread (0x0000024c1b96d1f0):  JavaThread "Unknown thread" [_thread_in_vm, id=13524, stack(0x000000b9de900000,0x000000b9dea00000)]

Stack: [0x000000b9de900000,0x000000b9dea00000]
Native frames: (J=compiled Java code, j=interpreted, Vv=VM code, C=native code)
V  [jvm.dll+0x677a5a]
V  [jvm.dll+0x7d8b2d]
V  [jvm.dll+0x7da48e]
V  [jvm.dll+0x7daaf3]
V  [jvm.dll+0x2455ff]
V  [jvm.dll+0x6749b9]
V  [jvm.dll+0x669382]
V  [jvm.dll+0x302e96]
V  [jvm.dll+0x30a416]
V  [jvm.dll+0x359cbe]
V  [jvm.dll+0x359eef]
V  [jvm.dll+0x2d9e88]
V  [jvm.dll+0x2dadf4]
V  [jvm.dll+0x7aa551]
V  [jvm.dll+0x367911]
V  [jvm.dll+0x789639]
V  [jvm.dll+0x3eb30f]
V  [jvm.dll+0x3ecd91]
C  [jli.dll+0x5297]
C  [ucrtbase.dll+0x214c2]
C  [KERNEL32.DLL+0x17034]
C  [ntdll.dll+0x4cec1]


---------------  P R O C E S S  ---------------

Threads class SMR info:
_java_thread_list=0x00007ff8d6d66a18, length=0, elements={
}

Java Threads: ( => current thread )

Other Threads:
  0x0000024c1b9a3220 GCTaskThread "GC Thread#0" [stack: 0x000000b9dea00000,0x000000b9deb00000] [id=8968]
  0x0000024c1b9abe30 ConcurrentGCThread "G1 Main Marker" [stack: 0x000000b9deb00000,0x000000b9dec00000] [id=3464]
  0x0000024c1b9af400 ConcurrentGCThread "G1 Conc#0" [stack: 0x000000b9dec00000,0x000000b9ded00000] [id=31428]

[error occurred during error reporting (printing all threads), id 0xc0000005, EXCEPTION_ACCESS_VIOLATION (0xc0000005) at pc=0x00007ff8d659aae7]

VM state: not at safepoint (not fully initialized)

VM Mutex/Monitor currently owned by a thread:  ([mutex/lock_event])
[0x0000024c1b969370] Heap_lock - owner thread: 0x0000024c1b96d1f0

Heap address: 0x00000000c1a00000, size: 998 MB, Compressed Oops mode: 32-bit

CDS archive(s) mapped at: [0x0000000000000000-0x0000000000000000-0x0000000000000000), size 0, SharedBaseAddress: 0x0000000800000000, ArchiveRelocationMode: 1.
Narrow klass base: 0x0000000000000000, Narrow klass shift: 0, Narrow klass range: 0x0

GC Precious Log:
<Empty>

Heap:
 garbage-first heap   total 0K, used 0K [0x00000000c1a00000, 0x0000000100000000)
  region size 1024K, 0 young (0K), 0 survivors (0K)

[error occurred during error reporting (printing heap information), id 0xc0000005, EXCEPTION_ACCESS_VIOLATION (0xc0000005) at pc=0x00007ff8d6981249]

GC Heap History (0 events):
No events

Deoptimization events (0 events):
No events

Classes unloaded (0 events):
No events

Classes redefined (0 events):
No events

Internal exceptions (0 events):
No events

VM Operations (0 events):
No events

Events (1 events):
Event: 0.013 Loaded shared library C:\Program Files\Java\jdk-17\bin\java.dll


Dynamic libraries:
0x00007ff698720000 - 0x00007ff698730000 	C:\Program Files\Java\jdk-17\bin\java.exe
0x00007ff901e10000 - 0x00007ff902006000 	C:\WINDOWS\SYSTEM32\ntdll.dll
0x00007ff900b30000 - 0x00007ff900bed000 	C:\WINDOWS\System32\KERNEL32.DLL
0x00007ff8ff940000 - 0x00007ff8ffc08000 	C:\WINDOWS\System32\KERNELBASE.dll
0x00007ff8ffd10000 - 0x00007ff8ffe10000 	C:\WINDOWS\System32\ucrtbase.dll
0x00007ff8f0320000 - 0x00007ff8f0339000 	C:\Program Files\Java\jdk-17\bin\jli.dll
0x00007ff8f2190000 - 0x00007ff8f21ab000 	C:\Program Files\Java\jdk-17\bin\VCRUNTIME140.dll
0x00007ff900720000 - 0x00007ff9007cc000 	C:\WINDOWS\System32\ADVAPI32.dll
0x00007ff901c60000 - 0x00007ff901cfe000 	C:\WINDOWS\System32\msvcrt.dll
0x00007ff901340000 - 0x00007ff9013db000 	C:\WINDOWS\System32\sechost.dll
0x00007ff901670000 - 0x00007ff901794000 	C:\WINDOWS\System32\RPCRT4.dll
0x00007ff9014d0000 - 0x00007ff901670000 	C:\WINDOWS\System32\USER32.dll
0x00007ff8fff30000 - 0x00007ff8fff52000 	C:\WINDOWS\System32\win32u.dll
0x00007ff8eed70000 - 0x00007ff8ef00b000 	C:\WINDOWS\WinSxS\amd64_microsoft.windows.common-controls_6595b64144ccf1df_6.0.19041.488_none_ca04af081b815d21\COMCTL32.dll
0x00007ff900b00000 - 0x00007ff900b2a000 	C:\WINDOWS\System32\GDI32.dll
0x00007ff8ff800000 - 0x00007ff8ff909000 	C:\WINDOWS\System32\gdi32full.dll
0x00007ff8ffe90000 - 0x00007ff8fff2d000 	C:\WINDOWS\System32\msvcp_win.dll
0x00007ff8ecd10000 - 0x00007ff8ecd1a000 	C:\WINDOWS\SYSTEM32\VERSION.dll
0x00007ff9013e0000 - 0x00007ff901410000 	C:\WINDOWS\System32\IMM32.DLL
0x00007ff8f7b10000 - 0x00007ff8f7b1c000 	C:\Program Files\Java\jdk-17\bin\vcruntime140_1.dll
0x00007ff8deae0000 - 0x00007ff8deb6e000 	C:\Program Files\Java\jdk-17\bin\msvcp140.dll
0x00007ff8d62b0000 - 0x00007ff8d6e8f000 	C:\Program Files\Java\jdk-17\bin\server\jvm.dll
0x00007ff900090000 - 0x00007ff900098000 	C:\WINDOWS\System32\PSAPI.DLL
0x00007ff8f8c00000 - 0x00007ff8f8c27000 	C:\WINDOWS\SYSTEM32\WINMM.dll
0x00007ff8fde00000 - 0x00007ff8fde09000 	C:\WINDOWS\SYSTEM32\WSOCK32.dll
0x00007ff901d00000 - 0x00007ff901d6b000 	C:\WINDOWS\System32\ws2_32.DLL
0x00007ff8fe1f0000 - 0x00007ff8fe202000 	C:\WINDOWS\SYSTEM32\kernel.appcore.dll
0x00007ff8f6830000 - 0x00007ff8f683a000 	C:\Program Files\Java\jdk-17\bin\jimage.dll
0x00007ff8fdbf0000 - 0x00007ff8fddd4000 	C:\WINDOWS\SYSTEM32\DBGHELP.DLL
0x00007ff8ebed0000 - 0x00007ff8ebefc000 	C:\WINDOWS\SYSTEM32\dbgcore.DLL
0x00007ff8ffe10000 - 0x00007ff8ffe8f000 	C:\WINDOWS\System32\bcryptPrimitives.dll
0x00007ff8efc90000 - 0x00007ff8efcb5000 	C:\Program Files\Java\jdk-17\bin\java.dll

dbghelp: loaded successfully - version: 4.0.5 - missing functions: none
symbol engine: initialized successfully - sym options: 0x614 - pdb path: .;C:\Program Files\Java\jdk-17\bin;C:\WINDOWS\SYSTEM32;C:\WINDOWS\WinSxS\amd64_microsoft.windows.common-controls_6595b64144ccf1df_6.0.19041.488_none_ca04af081b815d21;C:\Program Files\Java\jdk-17\bin\server

VM Arguments:
jvm_args: -Dfile.encoding=UTF-8 --module-path=C:\Users\Admin\Documents\NetBeansProjects\quiz2\build\classes 
java_command: Java
java_class_path (initial): C:\Program Files\NetBeans-25\netbeans\java\modules\ext\AbsoluteLayout.jar;C:\Users\Admin\Downloads\mysql-connector-j-9.2.0.tar\mysql-connector-j-9.2.0\mysql-connector-j-9.2.0.jar;C:\Users\Admin\Documents\NetBeansProjects\quiz2\build\classes
Launcher Type: SUN_STANDARD

[Global flags]
     intx CICompilerCount                          = 3                                         {product} {ergonomic}
     uint ConcGCThreads                            = 1                                         {product} {ergonomic}
     uint G1ConcRefinementThreads                  = 4                                         {product} {ergonomic}
   size_t G1HeapRegionSize                         = 1048576                                   {product} {ergonomic}
    uintx GCDrainStackTargetSize                   = 64                                        {product} {ergonomic}
   size_t InitialHeapSize                          = 67108864                                  {product} {ergonomic}
   size_t MarkStackSize                            = 4194304                                   {product} {ergonomic}
   size_t MaxHeapSize                              = 1046478848                                {product} {ergonomic}
   size_t MinHeapDeltaBytes                        = 1048576                                   {product} {ergonomic}
   size_t MinHeapSize                              = 8388608                                   {product} {ergonomic}
    uintx NonNMethodCodeHeapSize                   = 5832780                                {pd product} {ergonomic}
    uintx NonProfiledCodeHeapSize                  = 122912730                              {pd product} {ergonomic}
    uintx ProfiledCodeHeapSize                     = 122912730                              {pd product} {ergonomic}
    uintx ReservedCodeCacheSize                    = 251658240                              {pd product} {ergonomic}
     bool SegmentedCodeCache                       = true                                      {product} {ergonomic}
   size_t SoftMaxHeapSize                          = 1046478848                             {manageable} {ergonomic}
     bool UseCompressedClassPointers               = true                           {product lp64_product} {ergonomic}
     bool UseCompressedOops                        = true                           {product lp64_product} {ergonomic}
     bool UseG1GC                                  = true                                      {product} {ergonomic}
     bool UseLargePagesIndividualAllocation        = false                                  {pd product} {ergonomic}

Logging:
Log output configuration:
 #0: stdout all=warning uptime,level,tags
 #1: stderr all=off uptime,level,tags

Environment Variables:
JAVA_HOME=C:\Users\Admin\AppData\Local\Programs\Eclipse Adoptium\jdk-17.0.7.7-hotspot\
PATH=C:\Program Files\Common Files\Oracle\Java\javapath;C:\WINDOWS\system32;C:\WINDOWS;C:\WINDOWS\System32\Wbem;C:\WINDOWS\System32\WindowsPowerShell\v1.0\;C:\WINDOWS\System32\OpenSSH\;C:\Program Files\Git\cmd;C:\Users\Admin\AppData\Local\Programs\Eclipse Adoptium\jdk-17.0.7.7-hotspot\bin;C:\Program Files\MySQL\MySQL Shell 8.0\bin\;C:\Users\Admin\AppData\Local\Microsoft\WindowsApps;C:\Users\Admin\AppData\Local\GitHubDesktop\bin
USERNAME=Admin
OS=Windows_NT
PROCESSOR_IDENTIFIER=Intel64 Family 6 Model 78 Stepping 3, GenuineIntel



---------------  S Y S T E M  ---------------

OS:
 Windows 10 , 64 bit Build 19041 (10.0.19041.546)
OS uptime: 39 days 18:34 hours

CPU: total 4 (initial active 4) (2 cores per cpu, 2 threads per core) family 6 model 78 stepping 3 microcode 0xcc, cx8, cmov, fxsr, ht, mmx, 3dnowpref, sse, sse2, sse3, ssse3, sse4.1, sse4.2, popcnt, lzcnt, tsc, tscinvbit, avx, avx2, aes, erms, clmul, bmi1, bmi2, adx, fma, vzeroupper, clflush, clflushopt

Memory: 4k page, system-wide physical 3986M (404M free)
TotalPageFile size 16274M (AvailPageFile size 6M)
current process WorkingSet (physical memory assigned to process): 9M, peak: 9M
current process commit charge ("private bytes"): 51M, peak: 115M

vm_info: Java HotSpot(TM) 64-Bit Server VM (17.0.10+11-LTS-240) for windows-amd64 JRE (17.0.10+11-LTS-240), built on Dec 19 2023 21:47:25 by "mach5one" with MS VC++ 17.1 (VS2022)

END.
